{
  "stats": {
    "suites": 1,
    "tests": 3,
    "passes": 3,
    "pending": 0,
    "failures": 0,
    "start": "2024-05-08T07:20:44.629Z",
    "end": "2024-05-08T07:20:48.726Z",
    "duration": 4097,
    "testsRegistered": 3,
    "passPercent": 100,
    "pendingPercent": 0,
    "other": 0,
    "hasOther": false,
    "skipped": 0,
    "hasSkipped": false
  },
  "results": [
    {
      "uuid": "9ef3b614-f583-4423-b078-f4e361f21bf4",
      "title": "",
      "fullFile": "cypress\\e2e\\wikipedia-tests\\mainpage.cy.ts",
      "file": "cypress\\e2e\\wikipedia-tests\\mainpage.cy.ts",
      "beforeHooks": [],
      "afterHooks": [],
      "tests": [],
      "suites": [
        {
          "uuid": "c6afa879-d0d4-45b4-a36a-fa18877646f9",
          "title": "Wikipedia Main Page Link Tests",
          "fullFile": "",
          "file": "",
          "beforeHooks": [],
          "afterHooks": [],
          "tests": [
            {
              "title": "should navigate to \"From today's featured article\"",
              "fullTitle": "Wikipedia Main Page Link Tests should navigate to \"From today's featured article\"",
              "timedOut": null,
              "duration": 2159,
              "state": "passed",
              "speed": "fast",
              "pass": true,
              "fail": false,
              "pending": false,
              "context": null,
              "code": "cy.fixture('example.json').then(function (data) {\n    cy.contains(data.articleLinks.featuredArticle).click();\n    cy.url().should('include', '/wiki/');\n});",
              "err": {},
              "uuid": "b9535cae-113c-4af2-9c34-5a2bee8c4fb0",
              "parentUUID": "c6afa879-d0d4-45b4-a36a-fa18877646f9",
              "isHook": false,
              "skipped": false
            },
            {
              "title": "should navigate to \"In the news\"",
              "fullTitle": "Wikipedia Main Page Link Tests should navigate to \"In the news\"",
              "timedOut": null,
              "duration": 827,
              "state": "passed",
              "speed": "fast",
              "pass": true,
              "fail": false,
              "pending": false,
              "context": null,
              "code": "cy.fixture('example.json').then(function (data) {\n    cy.contains(data.articleLinks.inTheNews).click();\n    cy.url().should('include', '/wiki/');\n});",
              "err": {},
              "uuid": "5cbc2db1-3221-4525-b410-2607bef14da7",
              "parentUUID": "c6afa879-d0d4-45b4-a36a-fa18877646f9",
              "isHook": false,
              "skipped": false
            },
            {
              "title": "should navigate to \"Did you know ...\"",
              "fullTitle": "Wikipedia Main Page Link Tests should navigate to \"Did you know ...\"",
              "timedOut": null,
              "duration": 856,
              "state": "passed",
              "speed": "fast",
              "pass": true,
              "fail": false,
              "pending": false,
              "context": null,
              "code": "cy.fixture('example.json').then(function (data) {\n    cy.contains(data.articleLinks.didYouKnow).click();\n    cy.url().should('include', '/wiki/');\n});",
              "err": {},
              "uuid": "54727b94-fac5-49e2-b572-7455ec9c29c8",
              "parentUUID": "c6afa879-d0d4-45b4-a36a-fa18877646f9",
              "isHook": false,
              "skipped": false
            }
          ],
          "suites": [],
          "passes": [
            "b9535cae-113c-4af2-9c34-5a2bee8c4fb0",
            "5cbc2db1-3221-4525-b410-2607bef14da7",
            "54727b94-fac5-49e2-b572-7455ec9c29c8"
          ],
          "failures": [],
          "pending": [],
          "skipped": [],
          "duration": 3842,
          "root": false,
          "rootEmpty": false,
          "_timeout": 2000
        }
      ],
      "passes": [],
      "failures": [],
      "pending": [],
      "skipped": [],
      "duration": 0,
      "root": true,
      "rootEmpty": true,
      "_timeout": 2000
    }
  ],
  "meta": {
    "mocha": {
      "version": "7.0.1"
    },
    "mochawesome": {
      "options": {
        "quiet": false,
        "reportFilename": "mochawesome",
        "saveHtml": true,
        "saveJson": true,
        "consoleReporter": "spec",
        "useInlineDiffs": false,
        "code": true
      },
      "version": "7.1.3"
    },
    "marge": {
      "options": {
        "reportDir": "cypress/reports",
        "overwrite": false,
        "html": true,
        "json": true
      },
      "version": "6.2.0"
    }
  }
}