{
  "stats": {
    "suites": 1,
    "tests": 1,
    "passes": 1,
    "pending": 0,
    "failures": 0,
    "start": "2024-05-08T07:20:08.703Z",
    "end": "2024-05-08T07:20:14.014Z",
    "duration": 5311,
    "testsRegistered": 1,
    "passPercent": 100,
    "pendingPercent": 0,
    "other": 0,
    "hasOther": false,
    "skipped": 0,
    "hasSkipped": false
  },
  "results": [
    {
      "uuid": "7438d029-7a9e-41a3-865a-66a83a60f35b",
      "title": "",
      "fullFile": "cypress\\e2e\\wikipedia-tests\\current-events.cy.ts",
      "file": "cypress\\e2e\\wikipedia-tests\\current-events.cy.ts",
      "beforeHooks": [],
      "afterHooks": [],
      "tests": [],
      "suites": [
        {
          "uuid": "1927589d-8fc0-4e3e-a146-71883318457b",
          "title": "Wikipedia Current Events Page Test",
          "fullFile": "",
          "file": "",
          "beforeHooks": [],
          "afterHooks": [],
          "tests": [
            {
              "title": "should navigate to the Current Events page",
              "fullTitle": "Wikipedia Current Events Page Test should navigate to the Current Events page",
              "timedOut": null,
              "duration": 5193,
              "state": "passed",
              "speed": "medium",
              "pass": true,
              "fail": false,
              "pending": false,
              "context": null,
              "code": "cy.get('#vector-main-menu-dropdown-checkbox').click();\n// Find and click the \"Current events\" link\ncy.contains('Current events')\n    .should('be.visible') // Ensure the link is visible\n    .click(); // Click to navigate to the Current Events page\n// Validate that the URL changes to the Current Events page\ncy.url().should('include', '/wiki/Portal:Current_events'); // Check the URL\n// Confirm the correct page title\ncy.contains('Portal:Current events').should('be.visible'); // Check for the title\n// Ensure there's content indicating recent news\ncy.get('.p-current-events-headlines').contains('Recent deaths:').should('exist'); // Check for news section\n// Optionally, check for the presence of a calendar or other navigation options\ncy.get('.p-current-events-calendar').should('exist'); // Verify the presence of a calendar",
              "err": {},
              "uuid": "efd5f024-200a-4fb5-8d8c-28e9096c7106",
              "parentUUID": "1927589d-8fc0-4e3e-a146-71883318457b",
              "isHook": false,
              "skipped": false
            }
          ],
          "suites": [],
          "passes": [
            "efd5f024-200a-4fb5-8d8c-28e9096c7106"
          ],
          "failures": [],
          "pending": [],
          "skipped": [],
          "duration": 5193,
          "root": false,
          "rootEmpty": false,
          "_timeout": 2000
        }
      ],
      "passes": [],
      "failures": [],
      "pending": [],
      "skipped": [],
      "duration": 0,
      "root": true,
      "rootEmpty": true,
      "_timeout": 2000
    }
  ],
  "meta": {
    "mocha": {
      "version": "7.0.1"
    },
    "mochawesome": {
      "options": {
        "quiet": false,
        "reportFilename": "mochawesome",
        "saveHtml": true,
        "saveJson": true,
        "consoleReporter": "spec",
        "useInlineDiffs": false,
        "code": true
      },
      "version": "7.1.3"
    },
    "marge": {
      "options": {
        "reportDir": "cypress/reports",
        "overwrite": false,
        "html": true,
        "json": true
      },
      "version": "6.2.0"
    }
  }
}